2025-09-02 15:32:08,762 [INFO] Scheduler uruchomiony: scan co 60 min, pipeline co 10 min
2025-09-02 15:34:44,640 [INFO] Scheduler uruchomiony: scan co 60 min, pipeline co 1 min
2025-09-02 15:34:44,641 [INFO] ▶️ Wykonywanie pierwszego pełnego zestawu (1,2,3,4)
2025-09-02 15:34:44,641 [INFO] ▶️ Start Scan devices
2025-09-02 15:37:45,456 [INFO] Scheduler uruchomiony: scan co 3600s, pipeline co 60s
2025-09-02 15:37:45,456 [INFO] ▶️ Wykonywanie pierwszego pełnego zestawu (1,2,3,4)
2025-09-02 15:37:45,456 [INFO] ▶️ Start Scan devices
2025-09-02 15:40:16,096 [INFO] ✅ Success Scan devices
2025-09-02 15:40:16,097 [INFO] ▶️ Start Download
2025-09-02 15:40:17,501 [INFO] ✅ Success Download
2025-09-02 15:40:17,502 [INFO] ▶️ Start Modify
2025-09-02 15:40:25,901 [INFO] ✅ Success Modify
2025-09-02 15:40:25,901 [INFO] ▶️ Start Send
2025-09-02 15:41:55,619 [INFO] ✅ Success Send
2025-09-02 15:42:55,845 [INFO] ▶️ Start Download
2025-09-02 15:42:56,870 [INFO] ✅ Success Download
2025-09-02 15:42:56,870 [INFO] ▶️ Start Modify
2025-09-02 15:43:02,315 [INFO] ✅ Success Modify
2025-09-02 15:43:02,315 [INFO] ▶️ Start Send
2025-09-02 15:43:52,811 [INFO] ✅ Success Send
2025-09-02 15:44:53,041 [INFO] ▶️ Start Download
2025-09-02 15:44:53,680 [INFO] ✅ Success Download
2025-09-02 15:44:53,681 [INFO] ▶️ Start Modify
2025-09-02 15:44:56,713 [INFO] ✅ Success Modify
2025-09-02 15:44:56,713 [INFO] ▶️ Start Send
2025-09-02 15:45:43,938 [INFO] ✅ Success Send
2025-09-02 15:46:44,171 [INFO] ▶️ Start Download
2025-09-02 15:46:44,781 [INFO] ✅ Success Download
2025-09-02 15:46:44,781 [INFO] ▶️ Start Modify
2025-09-02 15:46:44,902 [INFO] ✅ Success Modify
2025-09-02 15:46:44,902 [INFO] ▶️ Start Send
2025-09-03 09:16:38,149 [INFO] Scheduler uruchomiony: scan co 3600s, pipeline co 60s
2025-09-03 09:16:38,149 [INFO] ▶️ Wykonywanie pierwszego pełnego zestawu (1,2,3,4)
2025-09-03 09:16:38,149 [INFO] ▶️ Start Scan devices
2025-09-03 09:19:10,772 [INFO] ✅ Success Scan devices
2025-09-03 09:19:10,773 [INFO] ▶️ Start Download
2025-09-03 09:19:11,452 [INFO] ✅ Success Download
2025-09-03 09:19:11,452 [INFO] ▶️ Start Modify
2025-09-03 09:19:11,560 [INFO] ✅ Success Modify
2025-09-03 09:19:11,560 [INFO] ▶️ Start Send
2025-09-03 09:19:39,760 [INFO] ✅ Success Send
2025-09-03 09:20:39,980 [INFO] ▶️ Start Download
2025-09-03 09:20:40,566 [INFO] ✅ Success Download
2025-09-03 09:20:40,567 [INFO] ▶️ Start Modify
2025-09-03 09:20:40,686 [INFO] ✅ Success Modify
2025-09-03 09:20:40,686 [INFO] ▶️ Start Send
2025-09-03 09:21:08,864 [INFO] ✅ Success Send
2025-09-03 09:22:09,098 [INFO] ▶️ Start Download
2025-09-03 09:22:09,752 [INFO] ✅ Success Download
2025-09-03 09:22:09,752 [INFO] ▶️ Start Modify
2025-09-03 09:22:09,859 [INFO] ✅ Success Modify
2025-09-03 09:22:09,859 [INFO] ▶️ Start Send
2025-09-03 09:22:38,058 [INFO] ✅ Success Send
2025-09-03 09:23:38,261 [INFO] ▶️ Start Download
2025-09-03 09:23:38,850 [INFO] ✅ Success Download
2025-09-03 09:23:38,850 [INFO] ▶️ Start Modify
2025-09-03 09:23:38,999 [INFO] ✅ Success Modify
2025-09-03 09:23:38,999 [INFO] ▶️ Start Send
2025-09-03 09:24:07,183 [INFO] ✅ Success Send
2025-09-03 09:25:07,413 [INFO] ▶️ Start Download
2025-09-03 09:25:08,060 [INFO] ✅ Success Download
2025-09-03 09:25:08,060 [INFO] ▶️ Start Modify
2025-09-03 09:25:08,163 [INFO] ✅ Success Modify
2025-09-03 09:25:08,163 [INFO] ▶️ Start Send
2025-09-03 09:25:36,351 [INFO] ✅ Success Send
2025-09-03 09:26:36,558 [INFO] ▶️ Start Download
2025-09-03 09:26:37,186 [INFO] ✅ Success Download
2025-09-03 09:26:37,187 [INFO] ▶️ Start Modify
2025-09-03 09:26:37,294 [INFO] ✅ Success Modify
2025-09-03 09:26:37,294 [INFO] ▶️ Start Send
2025-09-03 09:27:05,481 [INFO] ✅ Success Send
2025-09-03 09:28:05,679 [INFO] ▶️ Start Download
2025-09-03 09:28:06,319 [INFO] ✅ Success Download
2025-09-03 09:28:06,320 [INFO] ▶️ Start Modify
2025-09-03 09:28:06,415 [INFO] ✅ Success Modify
2025-09-03 09:28:06,415 [INFO] ▶️ Start Send
2025-09-03 09:28:34,595 [INFO] ✅ Success Send
2025-09-03 09:29:34,794 [INFO] ▶️ Start Download
2025-09-03 09:29:35,393 [INFO] ✅ Success Download
2025-09-03 09:29:35,393 [INFO] ▶️ Start Modify
2025-09-03 09:29:35,507 [INFO] ✅ Success Modify
2025-09-03 09:29:35,507 [INFO] ▶️ Start Send
2025-09-03 09:30:03,694 [INFO] ✅ Success Send
2025-09-03 09:31:03,927 [INFO] ▶️ Start Download
2025-09-03 09:31:04,488 [INFO] ✅ Success Download
2025-09-03 09:31:04,488 [INFO] ▶️ Start Modify
2025-09-03 09:31:04,595 [INFO] ✅ Success Modify
2025-09-03 09:31:04,595 [INFO] ▶️ Start Send
2025-09-03 09:31:32,770 [INFO] ✅ Success Send
2025-09-03 09:32:33,073 [INFO] ▶️ Start Download
2025-09-03 09:32:33,660 [INFO] ✅ Success Download
2025-09-03 09:32:33,661 [INFO] ▶️ Start Modify
2025-09-03 09:32:33,756 [INFO] ✅ Success Modify
2025-09-03 09:32:33,756 [INFO] ▶️ Start Send
2025-09-03 09:33:01,969 [INFO] ✅ Success Send
2025-09-03 09:34:02,394 [INFO] ▶️ Start Download
2025-09-03 09:34:02,979 [INFO] ✅ Success Download
2025-09-03 09:34:02,979 [INFO] ▶️ Start Modify
2025-09-03 09:34:03,068 [INFO] ✅ Success Modify
2025-09-03 09:34:03,069 [INFO] ▶️ Start Send
2025-09-03 09:34:31,298 [INFO] ✅ Success Send
2025-09-03 09:35:31,713 [INFO] ▶️ Start Download
2025-09-03 09:35:32,294 [INFO] ✅ Success Download
2025-09-03 09:35:32,294 [INFO] ▶️ Start Modify
2025-09-03 09:35:32,408 [INFO] ✅ Success Modify
2025-09-03 09:35:32,408 [INFO] ▶️ Start Send
2025-09-03 09:36:00,634 [INFO] ✅ Success Send
2025-09-03 09:37:00,988 [INFO] ▶️ Start Download
2025-09-03 09:37:01,578 [INFO] ✅ Success Download
2025-09-03 09:37:01,579 [INFO] ▶️ Start Modify
2025-09-03 09:37:01,690 [INFO] ✅ Success Modify
2025-09-03 09:37:01,690 [INFO] ▶️ Start Send
2025-09-03 09:37:29,880 [INFO] ✅ Success Send
2025-09-03 09:38:30,156 [INFO] ▶️ Start Download
2025-09-03 09:38:30,730 [INFO] ✅ Success Download
2025-09-03 09:38:30,730 [INFO] ▶️ Start Modify
2025-09-03 09:38:30,835 [INFO] ✅ Success Modify
2025-09-03 09:38:30,835 [INFO] ▶️ Start Send
2025-09-03 09:38:59,076 [INFO] ✅ Success Send
2025-09-03 09:39:59,299 [INFO] ▶️ Start Download
2025-09-03 09:39:59,878 [INFO] ✅ Success Download
2025-09-03 09:39:59,878 [INFO] ▶️ Start Modify
2025-09-03 09:40:00,050 [INFO] ✅ Success Modify
2025-09-03 09:40:00,050 [INFO] ▶️ Start Send
2025-09-03 09:40:28,271 [INFO] ✅ Success Send
2025-09-03 09:41:15,813 [INFO] Scheduler uruchomiony: scan co 3600s, pipeline co 60s
2025-09-03 09:41:15,814 [INFO] ▶️ Wykonywanie pierwszego pełnego zestawu (1,2,3,4)
2025-09-03 09:41:15,814 [INFO] ▶️ Start Scan devices
2025-09-03 09:43:46,215 [INFO] ✅ Success Scan devices
2025-09-03 09:43:46,216 [INFO] ▶️ Start Download
2025-09-03 09:43:46,811 [INFO] ✅ Success Download
2025-09-03 09:43:46,811 [INFO] ▶️ Start Modify
2025-09-03 09:43:46,932 [INFO] ✅ Success Modify
2025-09-03 09:43:46,932 [INFO] ▶️ Start Send
2025-09-03 09:44:15,108 [INFO] ✅ Success Send
2025-09-03 09:45:15,396 [INFO] ▶️ Start Download
2025-09-03 09:45:15,967 [INFO] ✅ Success Download
2025-09-03 09:45:15,967 [INFO] ▶️ Start Modify
2025-09-03 09:45:16,074 [INFO] ✅ Success Modify
2025-09-03 09:45:16,074 [INFO] ▶️ Start Send
2025-09-03 09:45:44,266 [INFO] ✅ Success Send
2025-09-03 09:46:44,535 [INFO] ▶️ Start Download
2025-09-03 09:46:45,126 [INFO] ✅ Success Download
2025-09-03 09:46:45,126 [INFO] ▶️ Start Modify
2025-09-03 09:46:45,232 [INFO] ✅ Success Modify
2025-09-03 09:46:45,232 [INFO] ▶️ Start Send
2025-09-03 09:47:13,418 [INFO] ✅ Success Send
2025-09-03 09:48:13,696 [INFO] ▶️ Start Download
2025-09-03 09:48:14,303 [INFO] ✅ Success Download
2025-09-03 09:48:14,303 [INFO] ▶️ Start Modify
2025-09-03 09:48:14,403 [INFO] ✅ Success Modify
2025-09-03 09:48:14,403 [INFO] ▶️ Start Send
2025-09-03 09:48:42,586 [INFO] ✅ Success Send
2025-09-03 09:49:42,863 [INFO] ▶️ Start Download
2025-09-03 09:49:43,446 [INFO] ✅ Success Download
2025-09-03 09:49:43,446 [INFO] ▶️ Start Modify
2025-09-03 09:49:43,555 [INFO] ✅ Success Modify
2025-09-03 09:49:43,556 [INFO] ▶️ Start Send
2025-09-03 09:50:11,739 [INFO] ✅ Success Send
2025-09-03 09:51:12,010 [INFO] ▶️ Start Download
2025-09-03 09:51:12,584 [INFO] ✅ Success Download
2025-09-03 09:51:12,584 [INFO] ▶️ Start Modify
2025-09-03 09:51:12,697 [INFO] ✅ Success Modify
2025-09-03 09:51:12,697 [INFO] ▶️ Start Send
2025-09-03 09:51:40,885 [INFO] ✅ Success Send
2025-09-03 09:52:41,165 [INFO] ▶️ Start Download
2025-09-03 09:52:41,731 [INFO] ✅ Success Download
2025-09-03 09:52:41,731 [INFO] ▶️ Start Modify
2025-09-03 09:52:41,841 [INFO] ✅ Success Modify
2025-09-03 09:52:41,842 [INFO] ▶️ Start Send
2025-09-03 09:53:10,026 [INFO] ✅ Success Send
2025-09-03 09:54:10,304 [INFO] ▶️ Start Download
2025-09-03 09:54:10,908 [INFO] ✅ Success Download
2025-09-03 09:54:10,908 [INFO] ▶️ Start Modify
2025-09-03 09:54:11,000 [INFO] ✅ Success Modify
2025-09-03 09:54:11,000 [INFO] ▶️ Start Send
2025-09-03 09:54:39,250 [INFO] ✅ Success Send
2025-09-03 09:55:39,733 [INFO] ▶️ Start Download
2025-09-03 09:55:40,308 [INFO] ✅ Success Download
2025-09-03 09:55:40,309 [INFO] ▶️ Start Modify
2025-09-03 09:55:40,413 [INFO] ✅ Success Modify
2025-09-03 09:55:40,413 [INFO] ▶️ Start Send
2025-09-03 09:56:08,629 [INFO] ✅ Success Send
2025-09-03 09:57:09,133 [INFO] ▶️ Start Download
2025-09-03 09:57:09,732 [INFO] ✅ Success Download
2025-09-03 09:57:09,733 [INFO] ▶️ Start Modify
2025-09-03 09:57:09,849 [INFO] ✅ Success Modify
2025-09-03 09:57:09,849 [INFO] ▶️ Start Send
2025-09-03 09:57:38,083 [INFO] ✅ Success Send
2025-09-03 09:58:38,567 [INFO] ▶️ Start Download
2025-09-03 09:58:39,130 [INFO] ✅ Success Download
2025-09-03 09:58:39,130 [INFO] ▶️ Start Modify
2025-09-03 09:58:39,237 [INFO] ✅ Success Modify
2025-09-03 09:58:39,237 [INFO] ▶️ Start Send
2025-09-03 09:59:07,452 [INFO] ✅ Success Send
2025-09-03 10:00:07,889 [INFO] ▶️ Start Download
2025-09-03 10:00:08,469 [INFO] ✅ Success Download
2025-09-03 10:00:08,469 [INFO] ▶️ Start Modify
2025-09-03 10:00:08,563 [INFO] ✅ Success Modify
2025-09-03 10:00:08,563 [INFO] ▶️ Start Send
2025-09-03 10:00:36,802 [INFO] ✅ Success Send
2025-09-03 10:01:37,077 [INFO] ▶️ Start Download
2025-09-03 10:01:37,749 [INFO] ✅ Success Download
2025-09-03 10:01:37,749 [INFO] ▶️ Start Modify
2025-09-03 10:01:37,859 [INFO] ✅ Success Modify
2025-09-03 10:01:37,859 [INFO] ▶️ Start Send
2025-09-03 10:02:06,045 [INFO] ✅ Success Send
2025-09-03 10:03:06,306 [INFO] ▶️ Start Download
2025-09-03 10:03:06,888 [INFO] ✅ Success Download
2025-09-03 10:03:06,888 [INFO] ▶️ Start Modify
2025-09-03 10:03:07,005 [INFO] ✅ Success Modify
2025-09-03 10:03:07,005 [INFO] ▶️ Start Send
2025-09-03 10:03:35,182 [INFO] ✅ Success Send
2025-09-03 10:04:35,441 [INFO] ▶️ Start Download
2025-09-03 10:04:36,876 [INFO] ✅ Success Download
2025-09-03 10:04:36,876 [INFO] ▶️ Start Modify
2025-09-03 10:04:37,000 [INFO] ✅ Success Modify
2025-09-03 10:04:37,000 [INFO] ▶️ Start Send
2025-09-03 10:05:05,232 [INFO] ✅ Success Send
2025-09-03 10:06:05,498 [INFO] ▶️ Start Download
2025-09-03 10:06:06,081 [INFO] ✅ Success Download
2025-09-03 10:06:06,081 [INFO] ▶️ Start Modify
2025-09-03 10:06:06,185 [INFO] ✅ Success Modify
2025-09-03 10:06:06,185 [INFO] ▶️ Start Send
2025-09-03 10:06:34,373 [INFO] ✅ Success Send
2025-09-03 10:07:34,656 [INFO] ▶️ Start Download
2025-09-03 10:07:35,240 [INFO] ✅ Success Download
2025-09-03 10:07:35,240 [INFO] ▶️ Start Modify
2025-09-03 10:07:35,347 [INFO] ✅ Success Modify
2025-09-03 10:07:35,347 [INFO] ▶️ Start Send
2025-09-03 10:08:03,528 [INFO] ✅ Success Send
2025-09-03 14:08:51,406 [INFO] Scheduler uruchomiony: scan co 3600s, pipeline co 60s
2025-09-03 14:08:51,406 [INFO] ▶️ Wykonywanie pierwszego pełnego zestawu (1,2,3,4)
2025-09-03 14:08:51,406 [INFO] ▶️ Start Scan devices
2025-09-03 14:11:22,081 [INFO] ✅ Success Scan devices
2025-09-03 14:11:22,081 [INFO] ▶️ Start Download
2025-09-03 14:11:22,618 [INFO] ✅ Success Download
2025-09-03 14:11:22,618 [INFO] ▶️ Start Modify
2025-09-03 14:11:22,716 [INFO] ✅ Success Modify
2025-09-03 14:11:22,716 [INFO] ▶️ Start Send
2025-09-03 14:11:48,885 [INFO] ✅ Success Send
2025-09-03 14:12:49,119 [INFO] ▶️ Start Download
2025-09-03 14:12:49,691 [INFO] ✅ Success Download
2025-09-03 14:12:49,691 [INFO] ▶️ Start Modify
2025-09-03 14:12:49,794 [INFO] ✅ Success Modify
2025-09-03 14:12:49,794 [INFO] ▶️ Start Send
2025-09-03 14:13:15,965 [INFO] ✅ Success Send
2025-09-03 14:14:16,226 [INFO] ▶️ Start Download
2025-09-03 14:14:16,772 [INFO] ✅ Success Download
2025-09-03 14:14:16,772 [INFO] ▶️ Start Modify
2025-09-03 14:14:16,866 [INFO] ✅ Success Modify
2025-09-03 14:14:16,866 [INFO] ▶️ Start Send
2025-09-03 14:14:43,040 [INFO] ✅ Success Send
2025-09-03 14:15:43,315 [INFO] ▶️ Start Download
2025-09-03 14:15:43,894 [INFO] ✅ Success Download
2025-09-03 14:15:43,894 [INFO] ▶️ Start Modify
2025-09-03 14:15:43,989 [INFO] ✅ Success Modify
2025-09-03 14:15:43,989 [INFO] ▶️ Start Send
2025-09-03 14:16:10,180 [INFO] ✅ Success Send
2025-09-03 14:17:10,414 [INFO] ▶️ Start Download
2025-09-03 14:17:10,571 [INFO] ✅ Success Download
2025-09-03 14:17:10,571 [INFO] ▶️ Start Modify
2025-09-03 14:17:10,682 [INFO] ✅ Success Modify
2025-09-03 14:17:10,682 [INFO] ▶️ Start Send
2025-09-03 14:17:10,765 [INFO] ✅ Success Send
2025-09-03 14:18:11,004 [INFO] ▶️ Start Download
2025-09-03 14:18:11,535 [INFO] ✅ Success Download
2025-09-03 14:18:11,535 [INFO] ▶️ Start Modify
2025-09-03 14:18:11,656 [INFO] ✅ Success Modify
2025-09-03 14:18:11,656 [INFO] ▶️ Start Send
2025-09-03 14:18:37,842 [INFO] ✅ Success Send
2025-09-03 14:19:38,128 [INFO] ▶️ Start Download
2025-09-03 14:19:38,670 [INFO] ✅ Success Download
2025-09-03 14:19:38,670 [INFO] ▶️ Start Modify
2025-09-03 14:19:38,774 [INFO] ✅ Success Modify
2025-09-03 14:19:38,775 [INFO] ▶️ Start Send
2025-09-03 14:20:04,946 [INFO] ✅ Success Send
2025-09-03 14:21:05,192 [INFO] ▶️ Start Download
2025-09-03 14:21:05,793 [INFO] ✅ Success Download
2025-09-03 14:21:05,794 [INFO] ▶️ Start Modify
2025-09-03 14:21:05,902 [INFO] ✅ Success Modify
2025-09-03 14:21:05,902 [INFO] ▶️ Start Send
2025-09-03 14:21:32,082 [INFO] ✅ Success Send
2025-09-03 14:22:32,346 [INFO] ▶️ Start Download
2025-09-03 14:22:33,068 [INFO] ✅ Success Download
2025-09-03 14:22:33,068 [INFO] ▶️ Start Modify
2025-09-03 14:22:33,209 [INFO] ✅ Success Modify
2025-09-03 14:22:33,209 [INFO] ▶️ Start Send
2025-09-03 14:22:59,392 [INFO] ✅ Success Send
2025-09-03 14:23:59,649 [INFO] ▶️ Start Download
2025-09-03 14:24:00,207 [INFO] ✅ Success Download
2025-09-03 14:24:00,207 [INFO] ▶️ Start Modify
2025-09-03 14:24:00,318 [INFO] ✅ Success Modify
2025-09-03 14:24:00,318 [INFO] ▶️ Start Send
2025-09-03 14:24:26,505 [INFO] ✅ Success Send
2025-09-03 14:25:26,759 [INFO] ▶️ Start Download
2025-09-03 14:25:27,342 [INFO] ✅ Success Download
2025-09-03 14:25:27,342 [INFO] ▶️ Start Modify
2025-09-03 14:25:27,451 [INFO] ✅ Success Modify
2025-09-03 14:25:27,451 [INFO] ▶️ Start Send
2025-09-03 14:25:53,634 [INFO] ✅ Success Send
2025-09-03 14:26:53,888 [INFO] ▶️ Start Download
2025-09-03 14:26:54,456 [INFO] ✅ Success Download
2025-09-03 14:26:54,456 [INFO] ▶️ Start Modify
2025-09-03 14:26:54,551 [INFO] ✅ Success Modify
2025-09-03 14:26:54,551 [INFO] ▶️ Start Send
2025-09-03 14:27:20,728 [INFO] ✅ Success Send
2025-09-03 14:28:20,989 [INFO] ▶️ Start Download
2025-09-03 14:28:22,263 [INFO] ✅ Success Download
2025-09-03 14:28:22,263 [INFO] ▶️ Start Modify
2025-09-03 14:28:23,275 [INFO] ✅ Success Modify
2025-09-03 14:28:23,276 [INFO] ▶️ Start Send
2025-09-03 14:29:02,638 [INFO] ✅ Success Send
2025-09-03 14:30:02,883 [INFO] ▶️ Start Download
2025-09-03 14:30:03,418 [INFO] ✅ Success Download
2025-09-03 14:30:03,418 [INFO] ▶️ Start Modify
2025-09-03 14:30:03,509 [INFO] ✅ Success Modify
2025-09-03 14:30:03,509 [INFO] ▶️ Start Send
2025-09-03 14:30:29,686 [INFO] ✅ Success Send
2025-09-03 14:31:29,968 [INFO] ▶️ Start Download
2025-09-03 14:31:30,489 [INFO] ✅ Success Download
2025-09-03 14:31:30,490 [INFO] ▶️ Start Modify
2025-09-03 14:31:30,609 [INFO] ✅ Success Modify
2025-09-03 14:31:30,609 [INFO] ▶️ Start Send
2025-09-03 14:31:56,779 [INFO] ✅ Success Send
2025-09-03 14:32:57,026 [INFO] ▶️ Start Download
2025-09-03 14:32:57,804 [INFO] ✅ Success Download
2025-09-03 14:32:57,804 [INFO] ▶️ Start Modify
2025-09-03 14:32:59,814 [INFO] ✅ Success Modify
2025-09-03 14:32:59,814 [INFO] ▶️ Start Send
2025-09-03 14:33:37,856 [INFO] ✅ Success Send
2025-09-03 14:34:38,132 [INFO] ▶️ Start Download
2025-09-03 14:34:38,804 [INFO] ✅ Success Download
2025-09-03 14:34:38,804 [INFO] ▶️ Start Modify
2025-09-03 14:34:40,027 [INFO] ✅ Success Modify
2025-09-03 14:34:40,027 [INFO] ▶️ Start Send
2025-09-03 14:35:17,401 [INFO] ✅ Success Send
2025-09-03 14:36:17,650 [INFO] ▶️ Start Download
2025-09-03 14:36:18,206 [INFO] ✅ Success Download
2025-09-03 14:36:18,206 [INFO] ▶️ Start Modify
2025-09-03 14:36:18,326 [INFO] ✅ Success Modify
2025-09-03 14:36:18,326 [INFO] ▶️ Start Send
2025-09-03 14:36:44,525 [INFO] ✅ Success Send
2025-09-03 14:37:44,800 [INFO] ▶️ Start Download
2025-09-03 14:37:45,333 [INFO] ✅ Success Download
2025-09-03 14:37:45,333 [INFO] ▶️ Start Modify
2025-09-03 14:37:45,459 [INFO] ✅ Success Modify
2025-09-03 14:37:45,459 [INFO] ▶️ Start Send
2025-09-03 14:38:11,637 [INFO] ✅ Success Send
2025-09-03 14:39:11,893 [INFO] ▶️ Start Download
2025-09-03 14:39:12,457 [INFO] ✅ Success Download
2025-09-03 14:39:12,457 [INFO] ▶️ Start Modify
2025-09-03 14:39:12,553 [INFO] ✅ Success Modify
2025-09-03 14:39:12,553 [INFO] ▶️ Start Send
2025-09-03 14:39:38,737 [INFO] ✅ Success Send
2025-09-03 14:40:38,984 [INFO] ▶️ Start Download
2025-09-03 14:40:40,393 [INFO] ✅ Success Download
2025-09-03 14:40:40,394 [INFO] ▶️ Start Modify
2025-09-03 14:40:40,485 [INFO] ✅ Success Modify
2025-09-03 14:40:40,485 [INFO] ▶️ Start Send
2025-09-03 14:41:06,723 [INFO] ✅ Success Send
2025-09-03 14:42:07,002 [INFO] ▶️ Start Download
2025-09-03 14:42:07,595 [INFO] ✅ Success Download
2025-09-03 14:42:07,595 [INFO] ▶️ Start Modify
2025-09-03 14:42:07,696 [INFO] ✅ Success Modify
2025-09-03 14:42:07,696 [INFO] ▶️ Start Send
2025-09-03 14:42:33,872 [INFO] ✅ Success Send
2025-09-03 14:43:34,115 [INFO] ▶️ Start Download
2025-09-03 14:43:34,772 [INFO] ✅ Success Download
2025-09-03 14:43:34,773 [INFO] ▶️ Start Modify
2025-09-03 14:43:34,866 [INFO] ✅ Success Modify
2025-09-03 14:43:34,866 [INFO] ▶️ Start Send
2025-09-03 14:44:01,048 [INFO] ✅ Success Send
2025-09-03 14:45:01,301 [INFO] ▶️ Start Download
2025-09-03 14:45:01,848 [INFO] ✅ Success Download
2025-09-03 14:45:01,848 [INFO] ▶️ Start Modify
2025-09-03 14:45:01,957 [INFO] ✅ Success Modify
2025-09-03 14:45:01,957 [INFO] ▶️ Start Send
2025-09-03 14:45:28,134 [INFO] ✅ Success Send
2025-09-03 14:46:28,382 [INFO] ▶️ Start Download
2025-09-03 14:46:28,947 [INFO] ✅ Success Download
2025-09-03 14:46:28,947 [INFO] ▶️ Start Modify
2025-09-03 14:46:29,135 [INFO] ✅ Success Modify
2025-09-03 14:46:29,135 [INFO] ▶️ Start Send
2025-09-03 14:46:55,325 [INFO] ✅ Success Send
2025-09-03 14:47:55,565 [INFO] ▶️ Start Download
2025-09-03 14:47:56,155 [INFO] ✅ Success Download
2025-09-03 14:47:56,155 [INFO] ▶️ Start Modify
2025-09-03 14:47:56,269 [INFO] ✅ Success Modify
2025-09-03 14:47:56,269 [INFO] ▶️ Start Send
2025-09-03 14:48:22,445 [INFO] ✅ Success Send
2025-09-03 14:49:22,670 [INFO] ▶️ Start Download
2025-09-03 14:49:23,403 [INFO] ✅ Success Download
2025-09-03 14:49:23,404 [INFO] ▶️ Start Modify
2025-09-03 14:49:24,334 [INFO] ✅ Success Modify
2025-09-03 14:49:24,334 [INFO] ▶️ Start Send
2025-09-03 14:50:00,809 [INFO] ✅ Success Send
2025-09-03 14:51:01,041 [INFO] ▶️ Start Download
2025-09-03 14:51:01,595 [INFO] ✅ Success Download
2025-09-03 14:51:01,596 [INFO] ▶️ Start Modify
2025-09-03 14:51:01,698 [INFO] ✅ Success Modify
2025-09-03 14:51:01,698 [INFO] ▶️ Start Send
2025-09-03 14:51:27,873 [INFO] ✅ Success Send
2025-09-03 14:52:28,123 [INFO] ▶️ Start Download
2025-09-03 14:52:28,683 [INFO] ✅ Success Download
2025-09-03 14:52:28,684 [INFO] ▶️ Start Modify
2025-09-03 14:52:28,796 [INFO] ✅ Success Modify
2025-09-03 14:52:28,796 [INFO] ▶️ Start Send
2025-09-03 14:52:54,982 [INFO] ✅ Success Send
2025-09-03 14:53:55,224 [INFO] ▶️ Start Download
2025-09-03 14:53:55,760 [INFO] ✅ Success Download
2025-09-03 14:53:55,760 [INFO] ▶️ Start Modify
2025-09-03 14:53:55,880 [INFO] ✅ Success Modify
2025-09-03 14:53:55,880 [INFO] ▶️ Start Send
2025-09-03 14:54:22,051 [INFO] ✅ Success Send
2025-09-03 14:55:22,369 [INFO] ▶️ Start Download
2025-09-03 14:55:23,028 [INFO] ✅ Success Download
2025-09-03 14:55:23,029 [INFO] ▶️ Start Modify
2025-09-03 14:55:23,143 [INFO] ✅ Success Modify
2025-09-03 14:55:23,143 [INFO] ▶️ Start Send
2025-09-03 14:55:49,385 [INFO] ✅ Success Send
2025-09-03 14:56:49,833 [INFO] ▶️ Start Download
2025-09-03 14:56:50,395 [INFO] ✅ Success Download
2025-09-03 14:56:50,395 [INFO] ▶️ Start Modify
2025-09-03 14:56:50,512 [INFO] ✅ Success Modify
2025-09-03 14:56:50,512 [INFO] ▶️ Start Send
2025-09-03 14:57:16,707 [INFO] ✅ Success Send
2025-09-03 14:58:16,957 [INFO] ▶️ Start Download
2025-09-03 14:58:17,535 [INFO] ✅ Success Download
2025-09-03 14:58:17,535 [INFO] ▶️ Start Modify
2025-09-03 14:58:17,638 [INFO] ✅ Success Modify
2025-09-03 14:58:17,638 [INFO] ▶️ Start Send
2025-09-03 14:58:43,807 [INFO] ✅ Success Send
2025-09-03 14:59:44,053 [INFO] ▶️ Start Download
2025-09-03 14:59:44,613 [INFO] ✅ Success Download
2025-09-03 14:59:44,613 [INFO] ▶️ Start Modify
2025-09-03 14:59:44,717 [INFO] ✅ Success Modify
2025-09-03 14:59:44,717 [INFO] ▶️ Start Send
2025-09-03 15:00:10,899 [INFO] ✅ Success Send
2025-09-03 15:01:11,141 [INFO] ▶️ Start Download
2025-09-03 15:01:11,807 [INFO] ✅ Success Download
2025-09-03 15:01:11,807 [INFO] ▶️ Start Modify
2025-09-03 15:01:11,928 [INFO] ✅ Success Modify
2025-09-03 15:01:11,928 [INFO] ▶️ Start Send
2025-09-03 15:01:38,131 [INFO] ✅ Success Send
2025-09-03 15:02:38,383 [INFO] ▶️ Start Download
2025-09-03 15:02:38,949 [INFO] ✅ Success Download
2025-09-03 15:02:38,950 [INFO] ▶️ Start Modify
2025-09-03 15:02:39,050 [INFO] ✅ Success Modify
2025-09-03 15:02:39,050 [INFO] ▶️ Start Send
2025-09-03 15:03:05,226 [INFO] ✅ Success Send
2025-09-03 15:04:05,472 [INFO] ▶️ Start Download
2025-09-03 15:04:06,051 [INFO] ✅ Success Download
2025-09-03 15:04:06,051 [INFO] ▶️ Start Modify
2025-09-03 15:04:06,188 [INFO] ✅ Success Modify
2025-09-03 15:04:06,188 [INFO] ▶️ Start Send
2025-09-03 15:04:32,376 [INFO] ✅ Success Send
2025-09-03 15:05:32,658 [INFO] ▶️ Start Download
2025-09-03 15:05:33,190 [INFO] ✅ Success Download
2025-09-03 15:05:33,190 [INFO] ▶️ Start Modify
2025-09-03 15:05:33,309 [INFO] ✅ Success Modify
2025-09-03 15:05:33,309 [INFO] ▶️ Start Send
2025-09-03 15:05:59,481 [INFO] ✅ Success Send
2025-09-03 15:06:59,715 [INFO] ▶️ Start Download
2025-09-03 15:07:00,247 [INFO] ✅ Success Download
2025-09-03 15:07:00,248 [INFO] ▶️ Start Modify
2025-09-03 15:07:00,356 [INFO] ✅ Success Modify
2025-09-03 15:07:00,356 [INFO] ▶️ Start Send
2025-09-03 15:07:26,528 [INFO] ✅ Success Send
2025-09-03 15:08:26,794 [INFO] ▶️ Start Download
2025-09-03 15:08:27,331 [INFO] ✅ Success Download
2025-09-03 15:08:27,331 [INFO] ▶️ Start Modify
2025-09-03 15:08:27,432 [INFO] ✅ Success Modify
2025-09-03 15:08:27,432 [INFO] ▶️ Start Send
2025-09-03 15:08:53,618 [INFO] ✅ Success Send
2025-09-03 15:09:53,853 [INFO] ▶️ Start Download
2025-09-03 15:09:54,401 [INFO] ✅ Success Download
2025-09-03 15:09:54,402 [INFO] ▶️ Start Modify
2025-09-03 15:09:54,504 [INFO] ✅ Success Modify
2025-09-03 15:09:54,504 [INFO] ▶️ Start Send
